kotlin version: 2.0.21
error message: org.jetbrains.kotlin.backend.common.BackendException: Backend Internal error: Exception during IR lowering
File being compiled: D:/Documents/GitHub/myapp/app/src/main/java/com/myapp/tools/obsidian/SetupActivity.kt
The root cause java.lang.RuntimeException was thrown at: org.jetbrains.kotlin.backend.jvm.codegen.FunctionCodegen.generate(FunctionCodegen.kt:47)
	at org.jetbrains.kotlin.backend.common.CodegenUtil.reportBackendException(CodegenUtil.kt:253)
	at org.jetbrains.kotlin.backend.common.CodegenUtil.reportBackendException$default(CodegenUtil.kt:236)
	at org.jetbrains.kotlin.backend.common.phaser.PerformByIrFilePhase.invokeSequential(performByIrFile.kt:65)
	at org.jetbrains.kotlin.backend.common.phaser.PerformByIrFilePhase.invoke(performByIrFile.kt:52)
	at org.jetbrains.kotlin.backend.common.phaser.PerformByIrFilePhase.invoke(performByIrFile.kt:38)
	at org.jetbrains.kotlin.backend.common.phaser.NamedCompilerPhase.phaseBody(CompilerPhase.kt:166)
	at org.jetbrains.kotlin.backend.common.phaser.AbstractNamedCompilerPhase.invoke(CompilerPhase.kt:113)
	at org.jetbrains.kotlin.backend.common.phaser.CompositePhase.invoke(PhaseBuilders.kt:27)
	at org.jetbrains.kotlin.backend.common.phaser.CompositePhase.invoke(PhaseBuilders.kt:14)
	at org.jetbrains.kotlin.backend.common.phaser.NamedCompilerPhase.phaseBody(CompilerPhase.kt:166)
	at org.jetbrains.kotlin.backend.common.phaser.AbstractNamedCompilerPhase.invoke(CompilerPhase.kt:113)
	at org.jetbrains.kotlin.backend.common.phaser.CompilerPhaseKt.invokeToplevel(CompilerPhase.kt:62)
	at org.jetbrains.kotlin.backend.jvm.JvmIrCodegenFactory.invokeCodegen(JvmIrCodegenFactory.kt:371)
	at org.jetbrains.kotlin.codegen.CodegenFactory.generateModule(CodegenFactory.kt:47)
	at org.jetbrains.kotlin.backend.jvm.JvmIrCodegenFactory.generateModuleInFrontendIRMode(JvmIrCodegenFactory.kt:433)
	at org.jetbrains.kotlin.cli.jvm.compiler.pipeline.JvmCompilerPipelineKt.generateCodeFromIr(jvmCompilerPipeline.kt:246)
	at org.jetbrains.kotlin.cli.jvm.compiler.pipeline.JvmCompilerPipelineKt.compileModulesUsingFrontendIrAndLightTree(jvmCompilerPipeline.kt:142)
	at org.jetbrains.kotlin.cli.jvm.K2JVMCompiler.doExecute(K2JVMCompiler.kt:148)
	at org.jetbrains.kotlin.cli.jvm.K2JVMCompiler.doExecute(K2JVMCompiler.kt:43)
	at org.jetbrains.kotlin.cli.common.CLICompiler.execImpl(CLICompiler.kt:103)
	at org.jetbrains.kotlin.cli.common.CLICompiler.execImpl(CLICompiler.kt:49)
	at org.jetbrains.kotlin.cli.common.CLITool.exec(CLITool.kt:101)
	at org.jetbrains.kotlin.incremental.IncrementalJvmCompilerRunner.runCompiler(IncrementalJvmCompilerRunner.kt:464)
	at org.jetbrains.kotlin.incremental.IncrementalJvmCompilerRunner.runCompiler(IncrementalJvmCompilerRunner.kt:73)
	at org.jetbrains.kotlin.incremental.IncrementalCompilerRunner.doCompile(IncrementalCompilerRunner.kt:506)
	at org.jetbrains.kotlin.incremental.IncrementalCompilerRunner.compileImpl(IncrementalCompilerRunner.kt:423)
	at org.jetbrains.kotlin.incremental.IncrementalCompilerRunner.compileNonIncrementally(IncrementalCompilerRunner.kt:301)
	at org.jetbrains.kotlin.incremental.IncrementalCompilerRunner.compile(IncrementalCompilerRunner.kt:129)
	at org.jetbrains.kotlin.daemon.CompileServiceImplBase.execIncrementalCompiler(CompileServiceImpl.kt:675)
	at org.jetbrains.kotlin.daemon.CompileServiceImplBase.access$execIncrementalCompiler(CompileServiceImpl.kt:92)
	at org.jetbrains.kotlin.daemon.CompileServiceImpl.compile(CompileServiceImpl.kt:1660)
	at java.base/jdk.internal.reflect.DirectMethodHandleAccessor.invoke(Unknown Source)
	at java.base/java.lang.reflect.Method.invoke(Unknown Source)
	at java.rmi/sun.rmi.server.UnicastServerRef.dispatch(Unknown Source)
	at java.rmi/sun.rmi.transport.Transport$1.run(Unknown Source)
	at java.rmi/sun.rmi.transport.Transport$1.run(Unknown Source)
	at java.base/java.security.AccessController.doPrivileged(Unknown Source)
	at java.rmi/sun.rmi.transport.Transport.serviceCall(Unknown Source)
	at java.rmi/sun.rmi.transport.tcp.TCPTransport.handleMessages(Unknown Source)
	at java.rmi/sun.rmi.transport.tcp.TCPTransport$ConnectionHandler.run0(Unknown Source)
	at java.rmi/sun.rmi.transport.tcp.TCPTransport$ConnectionHandler.lambda$run$0(Unknown Source)
	at java.base/java.security.AccessController.doPrivileged(Unknown Source)
	at java.rmi/sun.rmi.transport.tcp.TCPTransport$ConnectionHandler.run(Unknown Source)
	at java.base/java.util.concurrent.ThreadPoolExecutor.runWorker(Unknown Source)
	at java.base/java.util.concurrent.ThreadPoolExecutor$Worker.run(Unknown Source)
	at java.base/java.lang.Thread.run(Unknown Source)
Caused by: java.lang.RuntimeException: Exception while generating code for:
FUN name:SetupScreen visibility:public modality:FINAL <> ($this:com.myapp.tools.obsidian.SetupActivity) returnType:kotlin.Unit
  annotations:
    Composable
  $this: VALUE_PARAMETER name:<this> type:com.myapp.tools.obsidian.SetupActivity
  BLOCK_BODY
    VAR name:ctx type:android.content.Context [val]
      CALL 'public final fun <get-current> (): T of androidx.compose.runtime.CompositionLocal [inline] declared in androidx.compose.runtime.CompositionLocal' type=android.content.Context origin=GET_PROPERTY
        $this: TYPE_OP type=androidx.compose.runtime.CompositionLocal<T of androidx.compose.runtime.CompositionLocal> origin=IMPLICIT_CAST typeOperand=androidx.compose.runtime.CompositionLocal<T of androidx.compose.runtime.CompositionLocal>
          CALL 'public final fun <get-LocalContext> (): androidx.compose.runtime.ProvidableCompositionLocal<android.content.Context> declared in androidx.compose.ui.platform.AndroidCompositionLocals_androidKt' type=androidx.compose.runtime.ProvidableCompositionLocal<android.content.Context> origin=GET_PROPERTY
    VAR PROPERTY_DELEGATE name:userEmail$delegate type:androidx.compose.runtime.MutableState<kotlin.String?> [val]
      CALL 'public final fun remember <T> (calculation: @[DisallowComposableCalls] kotlin.Function0<T of androidx.compose.runtime.ComposablesKt.remember>): T of androidx.compose.runtime.ComposablesKt.remember [inline] declared in androidx.compose.runtime.ComposablesKt' type=androidx.compose.runtime.MutableState<kotlin.String?> origin=null
        <T>: androidx.compose.runtime.MutableState<kotlin.String?>
        calculation: BLOCK type=kotlin.Function0<androidx.compose.runtime.MutableState<kotlin.String?>> origin=LAMBDA
          COMPOSITE type=kotlin.Unit origin=null
          FUNCTION_REFERENCE 'private final fun SetupScreen$lambda$2 ($ctx: android.content.Context): androidx.compose.runtime.MutableState<kotlin.String?> declared in com.myapp.tools.obsidian.SetupActivity' type=kotlin.Function0<androidx.compose.runtime.MutableState<kotlin.String?>> origin=INLINE_LAMBDA reflectionTarget=null
            $ctx: GET_VAR 'val ctx: android.content.Context [val] declared in com.myapp.tools.obsidian.SetupActivity.SetupScreen' type=android.content.Context origin=null
    VAR PROPERTY_DELEGATE name:localPath$delegate type:androidx.compose.runtime.MutableState<kotlin.String> [val]
      CALL 'public final fun remember <T> (calculation: @[DisallowComposableCalls] kotlin.Function0<T of androidx.compose.runtime.ComposablesKt.remember>): T of androidx.compose.runtime.ComposablesKt.remember [inline] declared in androidx.compose.runtime.ComposablesKt' type=androidx.compose.runtime.MutableState<kotlin.String> origin=null
        <T>: androidx.compose.runtime.MutableState<kotlin.String>
        calculation: BLOCK type=kotlin.Function0<androidx.compose.runtime.MutableState<kotlin.String>> origin=LAMBDA
          COMPOSITE type=kotlin.Unit origin=null
          FUNCTION_REFERENCE 'private final fun SetupScreen$lambda$5 ($ctx: android.content.Context): androidx.compose.runtime.MutableState<kotlin.String> declared in com.myapp.tools.obsidian.SetupActivity' type=kotlin.Function0<androidx.compose.runtime.MutableState<kotlin.String>> origin=INLINE_LAMBDA reflectionTarget=null
            $ctx: GET_VAR 'val ctx: android.content.Context [val] declared in com.myapp.tools.obsidian.SetupActivity.SetupScreen' type=android.content.Context origin=null
    VAR PROPERTY_DELEGATE name:remoteName$delegate type:androidx.compose.runtime.MutableState<kotlin.String> [val]
      CALL 'public final fun remember <T> (calculation: @[DisallowComposableCalls] kotlin.Function0<T of androidx.compose.runtime.ComposablesKt.remember>): T of androidx.compose.runtime.ComposablesKt.remember [inline] declared in androidx.compose.runtime.ComposablesKt' type=androidx.compose.runtime.MutableState<kotlin.String> origin=null
        <T>: androidx.compose.runtime.MutableState<kotlin.String>
        calculation: BLOCK type=kotlin.Function0<androidx.compose.runtime.MutableState<kotlin.String>> origin=LAMBDA
          COMPOSITE type=kotlin.Unit origin=null
          FUNCTION_REFERENCE 'private final fun SetupScreen$lambda$8 ($ctx: android.content.Context): androidx.compose.runtime.MutableState<kotlin.String> declared in com.myapp.tools.obsidian.SetupActivity' type=kotlin.Function0<androidx.compose.runtime.MutableState<kotlin.String>> origin=INLINE_LAMBDA reflectionTarget=null
            $ctx: GET_VAR 'val ctx: android.content.Context [val] declared in com.myapp.tools.obsidian.SetupActivity.SetupScreen' type=android.content.Context origin=null
    VAR PROPERTY_DELEGATE name:showDrivePicker$delegate type:androidx.compose.runtime.MutableState<kotlin.Boolean> [val]
      CALL 'public final fun remember <T> (calculation: @[DisallowComposableCalls] kotlin.Function0<T of androidx.compose.runtime.ComposablesKt.remember>): T of androidx.compose.runtime.ComposablesKt.remember [inline] declared in androidx.compose.runtime.ComposablesKt' type=androidx.compose.runtime.MutableState<kotlin.Boolean> origin=null
        <T>: androidx.compose.runtime.MutableState<kotlin.Boolean>
        calculation: BLOCK type=kotlin.Function0<androidx.compose.runtime.MutableState<kotlin.Boolean>> origin=LAMBDA
          COMPOSITE type=kotlin.Unit origin=null
          FUNCTION_REFERENCE 'private final fun SetupScreen$lambda$11 (): androidx.compose.runtime.MutableState<kotlin.Boolean> declared in com.myapp.tools.obsidian.SetupActivity' type=kotlin.Function0<androidx.compose.runtime.MutableState<kotlin.Boolean>> origin=INLINE_LAMBDA reflectionTarget=null
    VAR name:authLauncher type:androidx.activity.compose.ManagedActivityResultLauncher<android.content.Intent, androidx.activity.result.ActivityResult> [val]
      CALL 'public final fun rememberLauncherForActivityResult <I, O> (contract: androidx.activity.result.contract.ActivityResultContract<I of androidx.activity.compose.ActivityResultRegistryKt.rememberLauncherForActivityResult, O of androidx.activity.compose.ActivityResultRegistryKt.rememberLauncherForActivityResult>, onResult: kotlin.Function1<O of androidx.activity.compose.ActivityResultRegistryKt.rememberLauncherForActivityResult, kotlin.Unit>): androidx.activity.compose.ManagedActivityResultLauncher<I of androidx.activity.compose.ActivityResultRegistryKt.rememberLauncherForActivityResult, O of androidx.activity.compose.ActivityResultRegistryKt.rememberLauncherForActivityResult> declared in androidx.activity.compose.ActivityResultRegistryKt' type=androidx.activity.compose.ManagedActivityResultLauncher<android.content.Intent, androidx.activity.result.ActivityResult> origin=null
        <I>: android.content.Intent
        <O>: androidx.activity.result.ActivityResult
        contract: CONSTRUCTOR_CALL 'public constructor <init> () [primary] declared in androidx.activity.result.contract.ActivityResultContracts.StartActivityForResult' type=androidx.activity.result.contract.ActivityResultContracts.StartActivityForResult origin=null
        onResult: BLOCK type=kotlin.Function1<androidx.activity.result.ActivityResult, kotlin.Unit> origin=LAMBDA
          COMPOSITE type=kotlin.Unit origin=null
          CALL 'public final fun <jvm-indy> <T> (dynamicCall: T of kotlin.jvm.internal.<jvm-indy>, bootstrapMethodHandle: kotlin.Any, vararg bootstrapMethodArguments: kotlin.Any): T of kotlin.jvm.internal.<jvm-indy> declared in kotlin.jvm.internal' type=kotlin.Function1<androidx.activity.result.ActivityResult, kotlin.Unit> origin=null
            <T>: kotlin.Function1<androidx.activity.result.ActivityResult, kotlin.Unit>
            dynamicCall: CALL 'public final fun invoke (p0: com.myapp.tools.obsidian.SetupActivity, p1: androidx.compose.runtime.MutableState<kotlin.String?>, p2: android.content.Context): kotlin.Function1<androidx.activity.result.ActivityResult, kotlin.Unit> declared in kotlin.jvm.internal.invokeDynamic' type=kotlin.Function1<androidx.activity.result.ActivityResult, kotlin.Unit> origin=null
              p0: GET_VAR '<this>: com.myapp.tools.obsidian.SetupActivity declared in com.myapp.tools.obsidian.SetupActivity.SetupScreen' type=com.myapp.tools.obsidian.SetupActivity origin=null
              p1: GET_VAR 'val userEmail$delegate: androidx.compose.runtime.MutableState<kotlin.String?> [val] declared in com.myapp.tools.obsidian.SetupActivity.SetupScreen' type=androidx.compose.runtime.MutableState<kotlin.String?> origin=null
              p2: GET_VAR 'val ctx: android.content.Context [val] declared in com.myapp.tools.obsidian.SetupActivity.SetupScreen' type=android.content.Context origin=null
            bootstrapMethodHandle: CALL 'public final fun <jvm-method-handle> (tag: kotlin.Int, owner: kotlin.String, name: kotlin.String, descriptor: kotlin.String, isInterface: kotlin.Boolean): kotlin.Any declared in kotlin.jvm.internal' type=kotlin.Any origin=null
              tag: CONST Int type=kotlin.Int value=6
              owner: CONST String type=kotlin.String value="java/lang/invoke/LambdaMetafactory"
              name: CONST String type=kotlin.String value="metafactory"
              descriptor: CONST String type=kotlin.String value="(Ljava/lang/invoke/MethodHandles$Lookup;Ljava/lang/String;Ljava/lang/invoke/MethodType;Ljava/lang/invoke/MethodType;Ljava/lang/invoke/MethodHandle;Ljava/lang/invoke/MethodType;)Ljava/lang/invoke/CallSite;"
              isInterface: CONST Boolean type=kotlin.Boolean value=false
            bootstrapMethodArguments: VARARG type=kotlin.Array<kotlin.Any> varargElementType=kotlin.Any
              CALL 'public final fun <jvm-original-method-type> (method: kotlin.Any): kotlin.Any declared in kotlin.jvm.internal' type=kotlin.Any origin=null
                method: RAW_FUNCTION_REFERENCE 'public abstract fun invoke (p1: P1 of kotlin.Function1): R of kotlin.Function1 [operator] declared in kotlin.Function1' type=kotlin.Any
              RAW_FUNCTION_REFERENCE 'private final fun SetupScreen$lambda$17 (this$0: com.myapp.tools.obsidian.SetupActivity, $userEmail$delegate: androidx.compose.runtime.MutableState<kotlin.String?>, $ctx: android.content.Context, res: androidx.activity.result.ActivityResult): kotlin.Unit? declared in com.myapp.tools.obsidian.SetupActivity' type=kotlin.Any
              CALL 'public final fun <jvm-original-method-type> (method: kotlin.Any): kotlin.Any declared in kotlin.jvm.internal' type=kotlin.Any origin=null
                method: RAW_FUNCTION_REFERENCE 'public abstract fun invoke (p1: androidx.activity.result.ActivityResult): kotlin.Unit? [fake_override,operator] declared in kotlin.jvm.internal.invokeDynamic.<fake>' type=kotlin.Any
    VAR name:folderLauncher type:androidx.activity.compose.ManagedActivityResultLauncher<android.net.Uri?, android.net.Uri?> [val]
      CALL 'public final fun rememberLauncherForActivityResult <I, O> (contract: androidx.activity.result.contract.ActivityResultContract<I of androidx.activity.compose.ActivityResultRegistryKt.rememberLauncherForActivityResult, O of androidx.activity.compose.ActivityResultRegistryKt.rememberLauncherForActivityResult>, onResult: kotlin.Function1<O of androidx.activity.compose.ActivityResultRegistryKt.rememberLauncherForActivityResult, kotlin.Unit>): androidx.activity.compose.ManagedActivityResultLauncher<I of androidx.activity.compose.ActivityResultRegistryKt.rememberLauncherForActivityResult, O of androidx.activity.compose.ActivityResultRegistryKt.rememberLauncherForActivityResult> declared in androidx.activity.compose.ActivityResultRegistryKt' type=androidx.activity.compose.ManagedActivityResultLauncher<android.net.Uri?, android.net.Uri?> origin=null
        <I>: android.net.Uri?
        <O>: android.net.Uri?
        contract: CONSTRUCTOR_CALL 'public constructor <init> () [primary] declared in androidx.activity.result.contract.ActivityResultContracts.OpenDocumentTree' type=androidx.activity.result.contract.ActivityResultContracts.OpenDocumentTree origin=null
        onResult: BLOCK type=kotlin.Function1<android.net.Uri?, kotlin.Unit> origin=LAMBDA
          COMPOSITE type=kotlin.Unit origin=null
          CALL 'public final fun <jvm-indy> <T> (dynamicCall: T of kotlin.jvm.internal.<jvm-indy>, bootstrapMethodHandle: kotlin.Any, vararg bootstrapMethodArguments: kotlin.Any): T of kotlin.jvm.internal.<jvm-indy> declared in kotlin.jvm.internal' type=kotlin.Function1<android.net.Uri?, kotlin.Unit> origin=null
            <T>: kotlin.Function1<android.net.Uri?, kotlin.Unit>
            dynamicCall: CALL 'public final fun invoke (p0: android.content.Context, p1: androidx.compose.runtime.MutableState<kotlin.String>): kotlin.Function1<android.net.Uri?, kotlin.Unit> declared in kotlin.jvm.internal.invokeDynamic' type=kotlin.Function1<android.net.Uri?, kotlin.Unit> origin=null
              p0: GET_VAR 'val ctx: android.content.Context [val] declared in com.myapp.tools.obsidian.SetupActivity.SetupScreen' type=android.content.Context origin=null
              p1: GET_VAR 'val localPath$delegate: androidx.compose.runtime.MutableState<kotlin.String> [val] declared in com.myapp.tools.obsidian.SetupActivity.SetupScreen' type=androidx.compose.runtime.MutableState<kotlin.String> origin=null
            bootstrapMethodHandle: CALL 'public final fun <jvm-method-handle> (tag: kotlin.Int, owner: kotlin.String, name: kotlin.String, descriptor: kotlin.String, isInterface: kotlin.Boolean): kotlin.Any declared in kotlin.jvm.internal' type=kotlin.Any origin=null
              tag: CONST Int type=kotlin.Int value=6
              owner: CONST String type=kotlin.String value="java/lang/invoke/LambdaMetafactory"
              name: CONST String type=kotlin.String value="metafactory"
              descriptor: CONST String type=kotlin.String value="(Ljava/lang/invoke/MethodHandles$Lookup;Ljava/lang/String;Ljava/lang/invoke/MethodType;Ljava/lang/invoke/MethodType;Ljava/lang/invoke/MethodHandle;Ljava/lang/invoke/MethodType;)Ljava/lang/invoke/CallSite;"
              isInterface: CONST Boolean type=kotlin.Boolean value=false
            bootstrapMethodArguments: VARARG type=kotlin.Array<kotlin.Any> varargElementType=kotlin.Any
              CALL 'public final fun <jvm-original-method-type> (method: kotlin.Any): kotlin.Any declared in kotlin.jvm.internal' type=kotlin.Any origin=null
                method: RAW_FUNCTION_REFERENCE 'public abstract fun invoke (p1: P1 of kotlin.Function1): R of kotlin.Function1 [operator] declared in kotlin.Function1' type=kotlin.Any
              RAW_FUNCTION_REFERENCE 'private final fun SetupScreen$lambda$20 ($ctx: android.content.Context, $localPath$delegate: androidx.compose.runtime.MutableState<kotlin.String>, uri: android.net.Uri?): kotlin.Unit? declared in com.myapp.tools.obsidian.SetupActivity' type=kotlin.Any
              CALL 'public final fun <jvm-original-method-type> (method: kotlin.Any): kotlin.Any declared in kotlin.jvm.internal' type=kotlin.Any origin=null
                method: RAW_FUNCTION_REFERENCE 'public abstract fun invoke (p1: android.net.Uri?): kotlin.Unit? [fake_override,operator] declared in kotlin.jvm.internal.invokeDynamic.<fake>' type=kotlin.Any
    CALL 'public final fun Column (modifier: androidx.compose.ui.Modifier, verticalArrangement: androidx.compose.foundation.layout.Arrangement.Vertical, horizontalAlignment: androidx.compose.ui.Alignment.Horizontal, content: @[Composable] @[ExtensionFunctionType] kotlin.Function1<androidx.compose.foundation.layout.ColumnScope, kotlin.Unit>): kotlin.Unit [inline] declared in androidx.compose.foundation.layout.ColumnKt' type=kotlin.Unit origin=null
      modifier: CALL 'public final fun padding-3ABfNKs (all: androidx.compose.ui.unit.Dp): androidx.compose.ui.Modifier declared in androidx.compose.foundation.layout.PaddingKt' type=androidx.compose.ui.Modifier origin=null
        $receiver: CALL 'public final fun background-bw27NRU$default (color: androidx.compose.ui.graphics.Color, shape: androidx.compose.ui.graphics.Shape?, $mask0: kotlin.Int, $handler: kotlin.Any?): androidx.compose.ui.Modifier declared in androidx.compose.foundation.BackgroundKt' type=androidx.compose.ui.Modifier origin=DEFAULT_DISPATCH_CALL
          $receiver: CALL 'public final fun fillMaxSize$default (fraction: kotlin.Float, $mask0: kotlin.Int, $handler: kotlin.Any?): androidx.compose.ui.Modifier declared in androidx.compose.foundation.layout.SizeKt' type=androidx.compose.ui.Modifier origin=DEFAULT_DISPATCH_CALL
            $receiver: GET_FIELD 'FIELD FIELD_FOR_OBJECT_INSTANCE name:Companion type:androidx.compose.ui.Modifier.Companion visibility:public [final,static] declared in androidx.compose.ui.Modifier' type=androidx.compose.ui.Modifier.Companion origin=null
            fraction: COMPOSITE type=kotlin.Float origin=DEFAULT_VALUE
              CONST Float type=kotlin.Float value=0.0
            $mask0: CONST Int type=kotlin.Int value=1
            $handler: CONST Null type=kotlin.Any? value=null
          color: CALL 'public final fun Color (color: kotlin.Long): androidx.compose.ui.graphics.Color declared in androidx.compose.ui.graphics.ColorKt' type=androidx.compose.ui.graphics.Color origin=null
            color: CONST Long type=kotlin.Long value=4279374354
          shape: COMPOSITE type=androidx.compose.ui.graphics.Shape? origin=DEFAULT_VALUE
            CONST Null type=androidx.compose.ui.graphics.Shape? value=null
          $mask0: CONST Int type=kotlin.Int value=2
          $handler: CONST Null type=kotlin.Any? value=null
        all: CALL 'public final fun <get-dp> (): androidx.compose.ui.unit.Dp [inline] declared in androidx.compose.ui.unit.DpKt' type=androidx.compose.ui.unit.Dp origin=GET_PROPERTY
          $receiver: CONST Int type=kotlin.Int value=24
      verticalArrangement: CALL 'public final fun <get-Center> (): androidx.compose.foundation.layout.Arrangement.HorizontalOrVertical declared in androidx.compose.foundation.layout.Arrangement' type=androidx.compose.foundation.layout.Arrangement.HorizontalOrVertical origin=GET_PROPERTY
        $this: GET_FIELD 'FIELD FIELD_FOR_OBJECT_INSTANCE name:INSTANCE type:androidx.compose.foundation.layout.Arrangement visibility:public [final,static] declared in androidx.compose.foundation.layout.Arrangement' type=androidx.compose.foundation.layout.Arrangement origin=null
      horizontalAlignment: CALL 'public final fun <get-CenterHorizontally> (): androidx.compose.ui.Alignment.Horizontal declared in androidx.compose.ui.Alignment.Companion' type=androidx.compose.ui.Alignment.Horizontal origin=GET_PROPERTY
        $this: GET_FIELD 'FIELD FIELD_FOR_OBJECT_INSTANCE name:Companion type:androidx.compose.ui.Alignment.Companion visibility:public [final,static] declared in androidx.compose.ui.Alignment' type=androidx.compose.ui.Alignment.Companion origin=null
      content: BLOCK type=@[ExtensionFunctionType] kotlin.Function1<androidx.compose.foundation.layout.ColumnScope, kotlin.Unit> origin=LAMBDA
        COMPOSITE type=kotlin.Unit origin=null
        FUNCTION_REFERENCE 'private final fun SetupScreen$lambda$26 (this$0: com.myapp.tools.obsidian.SetupActivity, $userEmail$delegate: androidx.compose.runtime.MutableState<kotlin.String?>, $authLauncher: androidx.activity.compose.ManagedActivityResultLauncher<android.content.Intent, androidx.activity.result.ActivityResult>, $ctx: android.content.Context, $localPath$delegate: androidx.compose.runtime.MutableState<kotlin.String>, $folderLauncher: androidx.activity.compose.ManagedActivityResultLauncher<android.net.Uri?, android.net.Uri?>, $remoteName$delegate: androidx.compose.runtime.MutableState<kotlin.String>, $showDrivePicker$delegate: androidx.compose.runtime.MutableState<kotlin.Boolean>): kotlin.Unit declared in com.myapp.tools.obsidian.SetupActivity' type=@[ExtensionFunctionType] kotlin.Function1<androidx.compose.foundation.layout.ColumnScope, kotlin.Unit> origin=INLINE_LAMBDA reflectionTarget=null
          this$0: GET_VAR '<this>: com.myapp.tools.obsidian.SetupActivity declared in com.myapp.tools.obsidian.SetupActivity.SetupScreen' type=com.myapp.tools.obsidian.SetupActivity origin=null
          $userEmail$delegate: GET_VAR 'val userEmail$delegate: androidx.compose.runtime.MutableState<kotlin.String?> [val] declared in com.myapp.tools.obsidian.SetupActivity.SetupScreen' type=androidx.compose.runtime.MutableState<kotlin.String?> origin=null
          $authLauncher: GET_VAR 'val authLauncher: androidx.activity.compose.ManagedActivityResultLauncher<android.content.Intent, androidx.activity.result.ActivityResult> [val] declared in com.myapp.tools.obsidian.SetupActivity.SetupScreen' type=androidx.activity.compose.ManagedActivityResultLauncher<android.content.Intent, androidx.activity.result.ActivityResult> origin=null
          $ctx: GET_VAR 'val ctx: android.content.Context [val] declared in com.myapp.tools.obsidian.SetupActivity.SetupScreen' type=android.content.Context origin=null
          $localPath$delegate: GET_VAR 'val localPath$delegate: androidx.compose.runtime.MutableState<kotlin.String> [val] declared in com.myapp.tools.obsidian.SetupActivity.SetupScreen' type=androidx.compose.runtime.MutableState<kotlin.String> origin=null
          $folderLauncher: GET_VAR 'val folderLauncher: androidx.activity.compose.ManagedActivityResultLauncher<android.net.Uri?, android.net.Uri?> [val] declared in com.myapp.tools.obsidian.SetupActivity.SetupScreen' type=androidx.activity.compose.ManagedActivityResultLauncher<android.net.Uri?, android.net.Uri?> origin=null
          $remoteName$delegate: GET_VAR 'val remoteName$delegate: androidx.compose.runtime.MutableState<kotlin.String> [val] declared in com.myapp.tools.obsidian.SetupActivity.SetupScreen' type=androidx.compose.runtime.MutableState<kotlin.String> origin=null
          $showDrivePicker$delegate: GET_VAR 'val showDrivePicker$delegate: androidx.compose.runtime.MutableState<kotlin.Boolean> [val] declared in com.myapp.tools.obsidian.SetupActivity.SetupScreen' type=androidx.compose.runtime.MutableState<kotlin.Boolean> origin=null
    VAR name:currentService type:com.google.api.services.drive.Drive? [val]
      CALL 'public abstract fun <get-value> (): T of androidx.compose.runtime.MutableState declared in androidx.compose.runtime.MutableState' type=com.google.api.services.drive.Drive? origin=GET_PROPERTY
        $this: GET_FIELD 'FIELD PROPERTY_BACKING_FIELD name:_driveService type:androidx.compose.runtime.MutableState<com.google.api.services.drive.Drive?> visibility:private [final]' type=androidx.compose.runtime.MutableState<com.google.api.services.drive.Drive?> origin=null
          receiver: GET_VAR '<this>: com.myapp.tools.obsidian.SetupActivity declared in com.myapp.tools.obsidian.SetupActivity.SetupScreen' type=com.myapp.tools.obsidian.SetupActivity origin=null
    WHEN type=kotlin.Unit origin=IF
      BRANCH
        if: CALL 'public final fun ANDAND (arg0: kotlin.Boolean, arg1: kotlin.Boolean): kotlin.Boolean declared in kotlin.internal.ir' type=kotlin.Boolean origin=null
          arg0: CALL 'private final fun SetupScreen$lambda$12 ($showDrivePicker$delegate: androidx.compose.runtime.MutableState<kotlin.Boolean>): kotlin.Boolean declared in com.myapp.tools.obsidian.SetupActivity' type=kotlin.Boolean origin=GET_LOCAL_PROPERTY
            $showDrivePicker$delegate: GET_VAR 'val showDrivePicker$delegate: androidx.compose.runtime.MutableState<kotlin.Boolean> [val] declared in com.myapp.tools.obsidian.SetupActivity.SetupScreen' type=androidx.compose.runtime.MutableState<kotlin.Boolean> origin=null
          arg1: CALL 'public final fun not (): kotlin.Boolean [operator] declared in kotlin.Boolean' type=kotlin.Boolean origin=EXCLEQ
            $this: CALL 'public final fun EQEQ (arg0: kotlin.Any?, arg1: kotlin.Any?): kotlin.Boolean declared in kotlin.internal.ir' type=kotlin.Boolean origin=EXCLEQ
              arg0: GET_VAR 'val currentService: com.google.api.services.drive.Drive? [val] declared in com.myapp.tools.obsidian.SetupActivity.SetupScreen' type=com.google.api.services.drive.Drive? origin=null
              arg1: CONST Null type=kotlin.Nothing? value=null
        then: BLOCK type=kotlin.Unit origin=null
          CALL 'public final fun DrivePicker (service: com.google.api.services.drive.Drive, onResult: kotlin.Function1<com.myapp.tools.obsidian.DriveItem?, kotlin.Unit>): kotlin.Unit declared in com.myapp.tools.obsidian.SetupActivityKt' type=kotlin.Unit origin=null
            service: GET_VAR 'val currentService: com.google.api.services.drive.Drive? [val] declared in com.myapp.tools.obsidian.SetupActivity.SetupScreen' type=com.google.api.services.drive.Drive? origin=null
            onResult: BLOCK type=kotlin.Function1<com.myapp.tools.obsidian.DriveItem?, kotlin.Unit> origin=LAMBDA
              COMPOSITE type=kotlin.Unit origin=null
              CALL 'public final fun <jvm-indy> <T> (dynamicCall: T of kotlin.jvm.internal.<jvm-indy>, bootstrapMethodHandle: kotlin.Any, vararg bootstrapMethodArguments: kotlin.Any): T of kotlin.jvm.internal.<jvm-indy> declared in kotlin.jvm.internal' type=kotlin.Function1<com.myapp.tools.obsidian.DriveItem?, kotlin.Unit> origin=null
                <T>: kotlin.Function1<com.myapp.tools.obsidian.DriveItem?, kotlin.Unit>
                dynamicCall: CALL 'public final fun invoke (p0: android.content.Context, p1: androidx.compose.runtime.MutableState<kotlin.Boolean>, p2: androidx.compose.runtime.MutableState<kotlin.String>): kotlin.Function1<com.myapp.tools.obsidian.DriveItem?, kotlin.Unit> declared in kotlin.jvm.internal.invokeDynamic' type=kotlin.Function1<com.myapp.tools.obsidian.DriveItem?, kotlin.Unit> origin=null
                  p0: GET_VAR 'val ctx: android.content.Context [val] declared in com.myapp.tools.obsidian.SetupActivity.SetupScreen' type=android.content.Context origin=null
                  p1: GET_VAR 'val showDrivePicker$delegate: androidx.compose.runtime.MutableState<kotlin.Boolean> [val] declared in com.myapp.tools.obsidian.SetupActivity.SetupScreen' type=androidx.compose.runtime.MutableState<kotlin.Boolean> origin=null
                  p2: GET_VAR 'val remoteName$delegate: androidx.compose.runtime.MutableState<kotlin.String> [val] declared in com.myapp.tools.obsidian.SetupActivity.SetupScreen' type=androidx.compose.runtime.MutableState<kotlin.String> origin=null
                bootstrapMethodHandle: CALL 'public final fun <jvm-method-handle> (tag: kotlin.Int, owner: kotlin.String, name: kotlin.String, descriptor: kotlin.String, isInterface: kotlin.Boolean): kotlin.Any declared in kotlin.jvm.internal' type=kotlin.Any origin=null
                  tag: CONST Int type=kotlin.Int value=6
                  owner: CONST String type=kotlin.String value="java/lang/invoke/LambdaMetafactory"
                  name: CONST String type=kotlin.String value="metafactory"
                  descriptor: CONST String type=kotlin.String value="(Ljava/lang/invoke/MethodHandles$Lookup;Ljava/lang/String;Ljava/lang/invoke/MethodType;Ljava/lang/invoke/MethodType;Ljava/lang/invoke/MethodHandle;Ljava/lang/invoke/MethodType;)Ljava/lang/invoke/CallSite;"
                  isInterface: CONST Boolean type=kotlin.Boolean value=false
                bootstrapMethodArguments: VARARG type=kotlin.Array<kotlin.Any> varargElementType=kotlin.Any
                  CALL 'public final fun <jvm-original-method-type> (method: kotlin.Any): kotlin.Any declared in kotlin.jvm.internal' type=kotlin.Any origin=null
                    method: RAW_FUNCTION_REFERENCE 'public abstract fun invoke (p1: P1 of kotlin.Function1): R of kotlin.Function1 [operator] declared in kotlin.Function1' type=kotlin.Any
                  RAW_FUNCTION_REFERENCE 'private final fun SetupScreen$lambda$28 ($ctx: android.content.Context, $showDrivePicker$delegate: androidx.compose.runtime.MutableState<kotlin.Boolean>, $remoteName$delegate: androidx.compose.runtime.MutableState<kotlin.String>, it: com.myapp.tools.obsidian.DriveItem?): kotlin.Unit? declared in com.myapp.tools.obsidian.SetupActivity' type=kotlin.Any
                  CALL 'public final fun <jvm-original-method-type> (method: kotlin.Any): kotlin.Any declared in kotlin.jvm.internal' type=kotlin.Any origin=null
                    method: RAW_FUNCTION_REFERENCE 'public abstract fun invoke (p1: com.myapp.tools.obsidian.DriveItem?): kotlin.Unit? [fake_override,operator] declared in kotlin.jvm.internal.invokeDynamic.<fake>' type=kotlin.Any
    CALL 'public final fun LaunchedEffect (key1: kotlin.Any?, block: @[ExtensionFunctionType] kotlin.coroutines.SuspendFunction1<kotlinx.coroutines.CoroutineScope, kotlin.Unit>): kotlin.Unit declared in androidx.compose.runtime.EffectsKt' type=kotlin.Unit origin=null
      key1: GET_FIELD 'FIELD FIELD_FOR_OBJECT_INSTANCE name:INSTANCE type:kotlin.Unit visibility:public [final,static] declared in kotlin.Unit' type=kotlin.Unit origin=null
      block: BLOCK type=com.myapp.tools.obsidian.SetupActivity.SetupScreen.<no name provided> origin=null
        CLASS SUSPEND_LAMBDA CLASS name:<no name provided> modality:FINAL visibility:public/*package*/ superTypes:[kotlin.coroutines.jvm.internal.SuspendLambda; kotlin.jvm.functions.Function2<kotlinx.coroutines.CoroutineScope, kotlin.coroutines.Continuation<kotlin.Unit>?, kotlin.Any?>]
          $this: VALUE_PARAMETER INSTANCE_RECEIVER name:<this> type:com.myapp.tools.obsidian.SetupActivity.SetupScreen.<no name provided>
          FIELD name:label type:kotlin.Int visibility:public/*package*/
          CONSTRUCTOR SUSPEND_LAMBDA visibility:public/*package*/ <> ($ctx:android.content.Context, this$0:com.myapp.tools.obsidian.SetupActivity, $completion:kotlin.coroutines.Continuation<com.myapp.tools.obsidian.SetupActivity.SetupScreen.<no name provided>>?) returnType:com.myapp.tools.obsidian.SetupActivity.SetupScreen.<no name provided> [primary]
            VALUE_PARAMETER BOUND_VALUE_PARAMETER name:$ctx index:0 type:android.content.Context
            VALUE_PARAMETER BOUND_RECEIVER_PARAMETER name:this$0 index:1 type:com.myapp.tools.obsidian.SetupActivity
            VALUE_PARAMETER name:$completion index:2 type:kotlin.coroutines.Continuation<com.myapp.tools.obsidian.SetupActivity.SetupScreen.<no name provided>>?
            BLOCK_BODY
              SET_FIELD 'FIELD FIELD_FOR_CAPTURED_VALUE name:$ctx type:android.content.Context visibility:public/*package*/ [final] declared in com.myapp.tools.obsidian.SetupActivity.SetupScreen.<no name provided>' type=kotlin.Unit origin=INITIALIZER_OF_FIELD_FOR_CAPTURED_VALUE
                receiver: GET_VAR '<this>: com.myapp.tools.obsidian.SetupActivity.SetupScreen.<no name provided> declared in com.myapp.tools.obsidian.SetupActivity.SetupScreen.<no name provided>' type=com.myapp.tools.obsidian.SetupActivity.SetupScreen.<no name provided> origin=null
                value: GET_VAR '$ctx: android.content.Context declared in com.myapp.tools.obsidian.SetupActivity.SetupScreen.<no name provided>.<init>' type=android.content.Context origin=null
              SET_FIELD 'FIELD FIELD_FOR_CAPTURED_VALUE name:this$0 type:com.myapp.tools.obsidian.SetupActivity visibility:public/*package*/ [final] declared in com.myapp.tools.obsidian.SetupActivity.SetupScreen.<no name provided>' type=kotlin.Unit origin=INITIALIZER_OF_FIELD_FOR_CAPTURED_VALUE
                receiver: GET_VAR '<this>: com.myapp.tools.obsidian.SetupActivity.SetupScreen.<no name provided> declared in com.myapp.tools.obsidian.SetupActivity.SetupScreen.<no name provided>' type=com.myapp.tools.obsidian.SetupActivity.SetupScreen.<no name provided> origin=null
                value: GET_VAR 'this$0: com.myapp.tools.obsidian.SetupActivity declared in com.myapp.tools.obsidian.SetupActivity.SetupScreen.<no name provided>.<init>' type=com.myapp.tools.obsidian.SetupActivity origin=null
              DELEGATING_CONSTRUCTOR_CALL 'public constructor <init> (arity: kotlin.Int, $completion: kotlin.coroutines.Continuation<kotlin.Any?>?) declared in kotlin.coroutines.jvm.internal.SuspendLambda'
                arity: CONST Int type=kotlin.Int value=2
                $completion: GET_VAR '$completion: kotlin.coroutines.Continuation<com.myapp.tools.obsidian.SetupActivity.SetupScreen.<no name provided>>? declared in com.myapp.tools.obsidian.SetupActivity.SetupScreen.<no name provided>.<init>' type=kotlin.coroutines.Continuation<com.myapp.tools.obsidian.SetupActivity.SetupScreen.<no name provided>>? origin=null
              BLOCK type=kotlin.Unit origin=null
          FUN name:invokeSuspend visibility:public modality:FINAL <> ($this:com.myapp.tools.obsidian.SetupActivity.SetupScreen.<no name provided>, $result:kotlin.Result<kotlin.Any?>) returnType:kotlin.Any?
            overridden:
              protected abstract fun invokeSuspend ($result: kotlin.Result<kotlin.Any?>): kotlin.Any? declared in kotlin.coroutines.jvm.internal.SuspendLambda
            $this: VALUE_PARAMETER INSTANCE_RECEIVER name:<this> type:com.myapp.tools.obsidian.SetupActivity.SetupScreen.<no name provided>
            VALUE_PARAMETER name:$result index:0 type:kotlin.Result<kotlin.Any?>
            BLOCK_BODY
              COMPOSITE type=kotlin.Unit origin=null
                BLOCK type=kotlin.Unit? origin=FOLDED_SAFE_CALL
                  WHEN type=kotlin.Unit? origin=FOLDED_SAFE_CALL
                    BRANCH
                      if: COMPOSITE type=kotlin.Boolean origin=null
                        VAR IR_TEMPORARY_VARIABLE name:tmp0_safe_receiver type:@[EnhancedNullability] com.google.android.gms.auth.api.signin.GoogleSignInAccount? [val]
                          CALL 'public open fun getLastSignedInAccount (p0: @[EnhancedNullability] android.content.Context): @[EnhancedNullability] com.google.android.gms.auth.api.signin.GoogleSignInAccount? declared in com.google.android.gms.auth.api.signin.GoogleSignIn' type=@[EnhancedNullability] com.google.android.gms.auth.api.signin.GoogleSignInAccount? origin=null
                            p0: GET_FIELD 'FIELD FIELD_FOR_CAPTURED_VALUE name:$ctx type:android.content.Context visibility:public/*package*/ [final] declared in com.myapp.tools.obsidian.SetupActivity.SetupScreen.<no name provided>' type=android.content.Context origin=null
                              receiver: GET_VAR '<this>: com.myapp.tools.obsidian.SetupActivity.SetupScreen.<no name provided> declared in com.myapp.tools.obsidian.SetupActivity.SetupScreen.<no name provided>.invokeSuspend' type=com.myapp.tools.obsidian.SetupActivity.SetupScreen.<no name provided> origin=null
                        CALL 'public final fun not (): kotlin.Boolean [operator] declared in kotlin.Boolean' type=kotlin.Boolean origin=null
                          $this: CALL 'public final fun EQEQ (arg0: kotlin.Any?, arg1: kotlin.Any?): kotlin.Boolean declared in kotlin.internal.ir' type=kotlin.Boolean origin=null
                            arg0: GET_VAR 'val tmp0_safe_receiver: @[EnhancedNullability] com.google.android.gms.auth.api.signin.GoogleSignInAccount? [val] declared in com.myapp.tools.obsidian.SetupActivity.SetupScreen.<no name provided>.invokeSuspend' type=@[EnhancedNullability] com.google.android.gms.auth.api.signin.GoogleSignInAccount? origin=null
                            arg1: CONST Null type=kotlin.Nothing? value=null
                      then: CALL 'public final fun let <T, R> (block: kotlin.Function1<T of kotlin.StandardKt.let, R of kotlin.StandardKt.let>): R of kotlin.StandardKt.let [inline] declared in kotlin.StandardKt' type=kotlin.Unit origin=null
                        <T>: com.google.android.gms.auth.api.signin.GoogleSignInAccount
                        <R>: kotlin.Unit
                        $receiver: GET_VAR 'val tmp0_safe_receiver: @[EnhancedNullability] com.google.android.gms.auth.api.signin.GoogleSignInAccount? [val] declared in com.myapp.tools.obsidian.SetupActivity.SetupScreen.<no name provided>.invokeSuspend' type=@[EnhancedNullability] com.google.android.gms.auth.api.signin.GoogleSignInAccount? origin=null
                        block: BLOCK type=kotlin.Function1<com.google.android.gms.auth.api.signin.GoogleSignInAccount, kotlin.Unit> origin=LAMBDA
                          COMPOSITE type=kotlin.Unit origin=null
                          FUNCTION_REFERENCE 'private final fun invokeSuspend$lambda$1 (this$0: com.myapp.tools.obsidian.SetupActivity, it: com.google.android.gms.auth.api.signin.GoogleSignInAccount): kotlin.Unit declared in com.myapp.tools.obsidian.SetupActivity.SetupScreen.<no name provided>' type=kotlin.Function1<com.google.android.gms.auth.api.signin.GoogleSignInAccount, kotlin.Unit> origin=INLINE_LAMBDA reflectionTarget=null
                            this$0: GET_FIELD 'FIELD FIELD_FOR_CAPTURED_VALUE name:this$0 type:com.myapp.tools.obsidian.SetupActivity visibility:public/*package*/ [final] declared in com.myapp.tools.obsidian.SetupActivity.SetupScreen.<no name provided>' type=com.myapp.tools.obsidian.SetupActivity origin=null
                              receiver: GET_VAR '<this>: com.myapp.tools.obsidian.SetupActivity.SetupScreen.<no name provided> declared in com.myapp.tools.obsidian.SetupActivity.SetupScreen.<no name provided>.invokeSuspend' type=com.myapp.tools.obsidian.SetupActivity.SetupScreen.<no name provided> origin=null
                    BRANCH
                      if: CONST Boolean type=kotlin.Boolean value=true
                      then: CONST Null type=kotlin.Nothing? value=null
          FUN name:create visibility:public modality:FINAL <> ($this:com.myapp.tools.obsidian.SetupActivity.SetupScreen.<no name provided>, value:kotlin.Any?, $completion:kotlin.coroutines.Continuation<kotlin.Nothing>) returnType:kotlin.coroutines.Continuation<kotlin.Unit>
            overridden:
              public open fun create (value: kotlin.Any?, $completion: kotlin.coroutines.Continuation<kotlin.Nothing>): kotlin.coroutines.Continuation<kotlin.Unit> declared in kotlin.coroutines.jvm.internal.SuspendLambda
            $this: VALUE_PARAMETER INSTANCE_RECEIVER name:<this> type:com.myapp.tools.obsidian.SetupActivity.SetupScreen.<no name provided>
            VALUE_PARAMETER name:value index:0 type:kotlin.Any?
            VALUE_PARAMETER name:$completion index:1 type:kotlin.coroutines.Continuation<kotlin.Nothing>
            BLOCK_BODY
              RETURN type=kotlin.Nothing from='public final fun create (value: kotlin.Any?, $completion: kotlin.coroutines.Continuation<kotlin.Nothing>): kotlin.coroutines.Continuation<kotlin.Unit> declared in com.myapp.tools.obsidian.SetupActivity.SetupScreen.<no name provided>'
                CONSTRUCTOR_CALL 'public/*package*/ constructor <init> ($ctx: android.content.Context, this$0: com.myapp.tools.obsidian.SetupActivity, $completion: kotlin.coroutines.Continuation<com.myapp.tools.obsidian.SetupActivity.SetupScreen.<no name provided>>?) [primary] declared in com.myapp.tools.obsidian.SetupActivity.SetupScreen.<no name provided>' type=com.myapp.tools.obsidian.SetupActivity.SetupScreen.<no name provided> origin=null
                  $ctx: GET_FIELD 'FIELD FIELD_FOR_CAPTURED_VALUE name:$ctx type:android.content.Context visibility:public/*package*/ [final] declared in com.myapp.tools.obsidian.SetupActivity.SetupScreen.<no name provided>' type=android.content.Context origin=null
                    receiver: GET_VAR '<this>: com.myapp.tools.obsidian.SetupActivity.SetupScreen.<no name provided> declared in com.myapp.tools.obsidian.SetupActivity.SetupScreen.<no name provided>.create' type=com.myapp.tools.obsidian.SetupActivity.SetupScreen.<no name provided> origin=null
                  this$0: GET_FIELD 'FIELD FIELD_FOR_CAPTURED_VALUE name:this$0 type:com.myapp.tools.obsidian.SetupActivity visibility:public/*package*/ [final] declared in com.myapp.tools.obsidian.SetupActivity.SetupScreen.<no name provided>' type=com.myapp.tools.obsidian.SetupActivity origin=null
                    receiver: GET_VAR '<this>: com.myapp.tools.obsidian.SetupActivity.SetupScreen.<no name provided> declared in com.myapp.tools.obsidian.SetupActivity.SetupScreen.<no name provided>.create' type=com.myapp.tools.obsidian.SetupActivity.SetupScreen.<no name provided> origin=null
                  $completion: GET_VAR '$completion: kotlin.coroutines.Continuation<kotlin.Nothing> declared in com.myapp.tools.obsidian.SetupActivity.SetupScreen.<no name provided>.create' type=kotlin.coroutines.Continuation<kotlin.Nothing> origin=null
          FUN name:invoke visibility:public modality:FINAL <> ($this:com.myapp.tools.obsidian.SetupActivity.SetupScreen.<no name provided>, p1:kotlinx.coroutines.CoroutineScope, p2:kotlin.coroutines.Continuation<kotlin.Unit>?) returnType:kotlin.Any?
            overridden:
              public abstract fun invoke (p1: P1 of kotlin.jvm.functions.Function2, p2: P2 of kotlin.jvm.functions.Function2): R of kotlin.jvm.functions.Function2 declared in kotlin.jvm.functions.Function2
            $this: VALUE_PARAMETER INSTANCE_RECEIVER name:<this> type:com.myapp.tools.obsidian.SetupActivity.SetupScreen.<no name provided>
            VALUE_PARAMETER name:p1 index:0 type:kotlinx.coroutines.CoroutineScope
            VALUE_PARAMETER name:p2 index:1 type:kotlin.coroutines.Continuation<kotlin.Unit>?
            BLOCK_BODY
              RETURN type=kotlin.Nothing from='public final fun invoke (p1: kotlinx.coroutines.CoroutineScope, p2: kotlin.coroutines.Continuation<kotlin.Unit>?): kotlin.Any? declared in com.myapp.tools.obsidian.SetupActivity.SetupScreen.<no name provided>'
                CALL 'public final fun invokeSuspend ($result: kotlin.Result<kotlin.Any?>): kotlin.Any? declared in com.myapp.tools.obsidian.SetupActivity.SetupScreen.<no name provided>' type=kotlin.Any? origin=null
                  $this: TYPE_OP type=com.myapp.tools.obsidian.SetupActivity.SetupScreen.<no name provided> origin=IMPLICIT_CAST typeOperand=com.myapp.tools.obsidian.SetupActivity.SetupScreen.<no name provided>
                    CALL 'public final fun create (value: kotlin.Any?, $completion: kotlin.coroutines.Continuation<kotlin.Nothing>): kotlin.coroutines.Continuation<kotlin.Unit> declared in com.myapp.tools.obsidian.SetupActivity.SetupScreen.<no name provided>' type=kotlin.coroutines.Continuation<kotlin.Unit> origin=null
                      $this: GET_VAR '<this>: com.myapp.tools.obsidian.SetupActivity.SetupScreen.<no name provided> declared in com.myapp.tools.obsidian.SetupActivity.SetupScreen.<no name provided>.invoke' type=com.myapp.tools.obsidian.SetupActivity.SetupScreen.<no name provided> origin=null
                      value: GET_VAR 'p1: kotlinx.coroutines.CoroutineScope declared in com.myapp.tools.obsidian.SetupActivity.SetupScreen.<no name provided>.invoke' type=kotlinx.coroutines.CoroutineScope origin=null
                      $completion: GET_VAR 'p2: kotlin.coroutines.Continuation<kotlin.Unit>? declared in com.myapp.tools.obsidian.SetupActivity.SetupScreen.<no name provided>.invoke' type=kotlin.coroutines.Continuation<kotlin.Unit>? origin=null
                  $result: CALL 'public final fun <unsafe-coerce> <T, R> (v: T of kotlin.jvm.internal.<unsafe-coerce>): R of kotlin.jvm.internal.<unsafe-coerce> declared in kotlin.jvm.internal' type=kotlin.Result<kotlin.Any?> origin=null
                    <T>: kotlin.Any?
                    <R>: kotlin.Result<kotlin.Any?>
                    v: GET_FIELD 'FIELD FIELD_FOR_OBJECT_INSTANCE name:INSTANCE type:kotlin.Unit visibility:public [final,static] declared in kotlin.Unit' type=kotlin.Unit origin=null
          FIELD FIELD_FOR_CAPTURED_VALUE name:$ctx type:android.content.Context visibility:public/*package*/ [final]
          FIELD FIELD_FOR_CAPTURED_VALUE name:this$0 type:com.myapp.tools.obsidian.SetupActivity visibility:public/*package*/ [final]
          FUN LOCAL_FUNCTION_FOR_LAMBDA name:invokeSuspend$lambda$1$lambda$0 visibility:private modality:FINAL <> (it:kotlin.String) returnType:kotlin.Unit?
            VALUE_PARAMETER name:it index:0 type:kotlin.String
            BLOCK_BODY
              RETURN type=kotlin.Nothing from='private final fun invokeSuspend$lambda$1$lambda$0 (it: kotlin.String): kotlin.Unit? declared in com.myapp.tools.obsidian.SetupActivity.SetupScreen.<no name provided>'
                GET_FIELD 'FIELD FIELD_FOR_OBJECT_INSTANCE name:INSTANCE type:kotlin.Unit visibility:public [final,static] declared in kotlin.Unit' type=kotlin.Unit origin=null
          FUN INLINE_LAMBDA name:invokeSuspend$lambda$1 visibility:private modality:FINAL <> (this$0:com.myapp.tools.obsidian.SetupActivity, it:com.google.android.gms.auth.api.signin.GoogleSignInAccount) returnType:kotlin.Unit
            VALUE_PARAMETER BOUND_VALUE_PARAMETER name:this$0 index:0 type:com.myapp.tools.obsidian.SetupActivity
            VALUE_PARAMETER name:it index:1 type:com.google.android.gms.auth.api.signin.GoogleSignInAccount
            BLOCK_BODY
              VAR name:$i$a$-let-SetupActivity$SetupScreen$3$1 type:kotlin.Int [val]
                CONST Int type=kotlin.Int value=0
              CALL 'public final fun access$initDrive ($this: com.myapp.tools.obsidian.SetupActivity, acc: com.google.android.gms.auth.api.signin.GoogleSignInAccount, onUser: kotlin.Function1<kotlin.String, kotlin.Unit>): kotlin.Unit declared in com.myapp.tools.obsidian.SetupActivity' type=kotlin.Unit origin=null
                $this: GET_VAR 'this$0: com.myapp.tools.obsidian.SetupActivity declared in com.myapp.tools.obsidian.SetupActivity.SetupScreen.<no name provided>.invokeSuspend$lambda$1' type=com.myapp.tools.obsidian.SetupActivity origin=null
                acc: GET_VAR 'it: com.google.android.gms.auth.api.signin.GoogleSignInAccount declared in com.myapp.tools.obsidian.SetupActivity.SetupScreen.<no name provided>.invokeSuspend$lambda$1' type=com.google.android.gms.auth.api.signin.GoogleSignInAccount origin=null
                onUser: BLOCK type=kotlin.Function1<kotlin.String, kotlin.Unit> origin=LAMBDA
                  COMPOSITE type=kotlin.Unit origin=null
                  CALL 'public final fun <jvm-indy> <T> (dynamicCall: T of kotlin.jvm.internal.<jvm-indy>, bootstrapMethodHandle: kotlin.Any, vararg bootstrapMethodArguments: kotlin.Any): T of kotlin.jvm.internal.<jvm-indy> declared in kotlin.jvm.internal' type=kotlin.Function1<kotlin.String, kotlin.Unit> origin=null
                    <T>: kotlin.Function1<kotlin.String, kotlin.Unit>
                    dynamicCall: CALL 'public final fun invoke (): kotlin.Function1<kotlin.String, kotlin.Unit> declared in kotlin.jvm.internal.invokeDynamic' type=kotlin.Function1<kotlin.String, kotlin.Unit> origin=null
                    bootstrapMethodHandle: CALL 'public final fun <jvm-method-handle> (tag: kotlin.Int, owner: kotlin.String, name: kotlin.String, descriptor: kotlin.String, isInterface: kotlin.Boolean): kotlin.Any declared in kotlin.jvm.internal' type=kotlin.Any origin=null
                      tag: CONST Int type=kotlin.Int value=6
                      owner: CONST String type=kotlin.String value="java/lang/invoke/LambdaMetafactory"
                      name: CONST String type=kotlin.String value="metafactory"
                      descriptor: CONST String type=kotlin.String value="(Ljava/lang/invoke/MethodHandles$Lookup;Ljava/lang/String;Ljava/lang/invoke/MethodType;Ljava/lang/invoke/MethodType;Ljava/lang/invoke/MethodHandle;Ljava/lang/invoke/MethodType;)Ljava/lang/invoke/CallSite;"
                      isInterface: CONST Boolean type=kotlin.Boolean value=false
                    bootstrapMethodArguments: VARARG type=kotlin.Array<kotlin.Any> varargElementType=kotlin.Any
                      CALL 'public final fun <jvm-original-method-type> (method: kotlin.Any): kotlin.Any declared in kotlin.jvm.internal' type=kotlin.Any origin=null
                        method: RAW_FUNCTION_REFERENCE 'public abstract fun invoke (p1: P1 of kotlin.Function1): R of kotlin.Function1 [operator] declared in kotlin.Function1' type=kotlin.Any
                      RAW_FUNCTION_REFERENCE 'private final fun invokeSuspend$lambda$1$lambda$0 (it: kotlin.String): kotlin.Unit? declared in com.myapp.tools.obsidian.SetupActivity.SetupScreen.<no name provided>' type=kotlin.Any
                      CALL 'public final fun <jvm-original-method-type> (method: kotlin.Any): kotlin.Any declared in kotlin.jvm.internal' type=kotlin.Any origin=null
                        method: RAW_FUNCTION_REFERENCE 'public abstract fun invoke (p1: kotlin.String): kotlin.Unit? [fake_override,operator] declared in kotlin.jvm.internal.invokeDynamic.<fake>' type=kotlin.Any
          FUN BRIDGE name:invoke visibility:public modality:OPEN <> ($this:com.myapp.tools.obsidian.SetupActivity.SetupScreen.<no name provided>, p1:kotlin.Any?, p2:kotlin.Any?) returnType:kotlin.Any?
            $this: VALUE_PARAMETER INSTANCE_RECEIVER name:<this> type:com.myapp.tools.obsidian.SetupActivity.SetupScreen.<no name provided>
            VALUE_PARAMETER BRIDGE name:p1 index:0 type:kotlin.Any?
            VALUE_PARAMETER BRIDGE name:p2 index:1 type:kotlin.Any?
            EXPRESSION_BODY
              RETURN type=kotlin.Nothing from='public open fun invoke (p1: kotlin.Any?, p2: kotlin.Any?): kotlin.Any? declared in com.myapp.tools.obsidian.SetupActivity.SetupScreen.<no name provided>'
                CALL 'public final fun invoke (p1: kotlinx.coroutines.CoroutineScope, p2: kotlin.coroutines.Continuation<kotlin.Unit>?): kotlin.Any? declared in com.myapp.tools.obsidian.SetupActivity.SetupScreen.<no name provided>' type=kotlin.Any? origin=BRIDGE_DELEGATION
                  $this: GET_VAR '<this>: com.myapp.tools.obsidian.SetupActivity.SetupScreen.<no name provided> declared in com.myapp.tools.obsidian.SetupActivity.SetupScreen.<no name provided>.invoke' type=com.myapp.tools.obsidian.SetupActivity.SetupScreen.<no name provided> origin=null
                  p1: TYPE_OP type=kotlinx.coroutines.CoroutineScope origin=IMPLICIT_CAST typeOperand=kotlinx.coroutines.CoroutineScope
                    GET_VAR 'p1: kotlin.Any? declared in com.myapp.tools.obsidian.SetupActivity.SetupScreen.<no name provided>.invoke' type=kotlin.Any? origin=null
                  p2: TYPE_OP type=kotlin.coroutines.Continuation<*> origin=IMPLICIT_CAST typeOperand=kotlin.coroutines.Continuation<*>
                    GET_VAR 'p2: kotlin.Any? declared in com.myapp.tools.obsidian.SetupActivity.SetupScreen.<no name provided>.invoke' type=kotlin.Any? origin=null
        CONSTRUCTOR_CALL 'public/*package*/ constructor <init> ($ctx: android.content.Context, this$0: com.myapp.tools.obsidian.SetupActivity, $completion: kotlin.coroutines.Continuation<com.myapp.tools.obsidian.SetupActivity.SetupScreen.<no name provided>>?) [primary] declared in com.myapp.tools.obsidian.SetupActivity.SetupScreen.<no name provided>' type=com.myapp.tools.obsidian.SetupActivity.SetupScreen.<no name provided> origin=null
          $ctx: GET_VAR 'val ctx: android.content.Context [val] declared in com.myapp.tools.obsidian.SetupActivity.SetupScreen' type=android.content.Context origin=null
          this$0: GET_VAR '<this>: com.myapp.tools.obsidian.SetupActivity declared in com.myapp.tools.obsidian.SetupActivity.SetupScreen' type=com.myapp.tools.obsidian.SetupActivity origin=null
          $completion: CONST Null type=kotlin.Nothing? value=null

	at org.jetbrains.kotlin.backend.jvm.codegen.FunctionCodegen.generate(FunctionCodegen.kt:47)
	at org.jetbrains.kotlin.backend.jvm.codegen.FunctionCodegen.generate$default(FunctionCodegen.kt:40)
	at org.jetbrains.kotlin.backend.jvm.codegen.ClassCodegen.generateMethodNode(ClassCodegen.kt:406)
	at org.jetbrains.kotlin.backend.jvm.codegen.ClassCodegen.generateMethod(ClassCodegen.kt:423)
	at org.jetbrains.kotlin.backend.jvm.codegen.ClassCodegen.generate(ClassCodegen.kt:168)
	at org.jetbrains.kotlin.backend.jvm.FileCodegen.lower(JvmPhases.kt:39)
	at org.jetbrains.kotlin.backend.common.phaser.PhaseFactoriesKt.createFilePhase$lambda$4(PhaseFactories.kt:71)
	at org.jetbrains.kotlin.backend.common.phaser.PhaseBuildersKt$createSimpleNamedCompilerPhase$1.phaseBody(PhaseBuilders.kt:69)
	at org.jetbrains.kotlin.backend.common.phaser.SimpleNamedCompilerPhase.phaseBody(CompilerPhase.kt:226)
	at org.jetbrains.kotlin.backend.common.phaser.AbstractNamedCompilerPhase.invoke(CompilerPhase.kt:113)
	at org.jetbrains.kotlin.backend.common.phaser.PerformByIrFilePhase.invokeSequential(performByIrFile.kt:62)
	... 43 more
Caused by: org.jetbrains.kotlin.codegen.CompilationException: Back-end (JVM) Internal error: Couldn't inline method call: CALL 'public final fun <get-current> (): T of androidx.compose.runtime.CompositionLocal [inline] declared in androidx.compose.runtime.CompositionLocal' type=android.content.Context origin=GET_PROPERTY
Method: null
File is unknown
The root cause java.lang.IllegalStateException was thrown at: org.jetbrains.kotlin.codegen.inline.SourceCompilerForInlineKt.getMethodNode(SourceCompilerForInline.kt:118)
	at org.jetbrains.kotlin.codegen.inline.InlineCodegen.performInline(InlineCodegen.kt:65)
	at org.jetbrains.kotlin.backend.jvm.codegen.IrInlineCodegen.genInlineCall(IrInlineCodegen.kt:163)
	at org.jetbrains.kotlin.backend.jvm.codegen.IrInlineCallGenerator.genCall(IrInlineCallGenerator.kt:36)
	at org.jetbrains.kotlin.backend.jvm.codegen.ExpressionCodegen.visitCall(ExpressionCodegen.kt:653)
	at org.jetbrains.kotlin.backend.jvm.codegen.ExpressionCodegen.visitCall(ExpressionCodegen.kt:138)
	at org.jetbrains.kotlin.ir.expressions.IrCall.accept(IrCall.kt:24)
	at org.jetbrains.kotlin.backend.jvm.codegen.ExpressionCodegen.visitVariable(ExpressionCodegen.kt:790)
	at org.jetbrains.kotlin.backend.jvm.codegen.ExpressionCodegen.visitVariable(ExpressionCodegen.kt:138)
	at org.jetbrains.kotlin.ir.declarations.IrVariable.accept(IrVariable.kt:36)
	at org.jetbrains.kotlin.backend.jvm.codegen.ExpressionCodegen.visitStatementContainer(ExpressionCodegen.kt:579)
	at org.jetbrains.kotlin.backend.jvm.codegen.ExpressionCodegen.visitBlockBody(ExpressionCodegen.kt:584)
	at org.jetbrains.kotlin.backend.jvm.codegen.ExpressionCodegen.visitBlockBody(ExpressionCodegen.kt:138)
	at org.jetbrains.kotlin.ir.expressions.IrBlockBody.accept(IrBlockBody.kt:20)
	at org.jetbrains.kotlin.backend.jvm.codegen.ExpressionCodegen.generate(ExpressionCodegen.kt:240)
	at org.jetbrains.kotlin.backend.jvm.codegen.FunctionCodegen.doGenerate(FunctionCodegen.kt:123)
	at org.jetbrains.kotlin.backend.jvm.codegen.FunctionCodegen.generate(FunctionCodegen.kt:44)
	... 53 more
Caused by: java.lang.IllegalStateException: couldn't find inline method Landroidx/compose/runtime/CompositionLocal;.getCurrent()Ljava/lang/Object;
	at org.jetbrains.kotlin.codegen.inline.SourceCompilerForInlineKt.getMethodNode(SourceCompilerForInline.kt:118)
	at org.jetbrains.kotlin.codegen.inline.SourceCompilerForInlineKt.loadCompiledInlineFunction(SourceCompilerForInline.kt:96)
	at org.jetbrains.kotlin.backend.jvm.codegen.IrSourceCompilerForInline.compileInlineFunction(IrSourceCompilerForInline.kt:91)
	at org.jetbrains.kotlin.codegen.inline.InlineCodegen.compileInline(InlineCodegen.kt:43)
	at org.jetbrains.kotlin.codegen.inline.InlineCodegen.performInline(InlineCodegen.kt:51)
	... 68 more


